yarn run v1.22.19
$ next build
info  - Loaded env from C:\Files\tinyprisma\.env
info  - Linting and checking validity of types...
info  - Creating an optimized production build...
warn  - Found lockfile missing swc dependencies, patching...
warn  - Lockfile was successfully patched, please run "npm install" to ensure @next/swc dependencies are downloaded
info  - Compiled successfully
info  - Collecting page data...

████████╗██╗███╗   ██╗██╗   ██╗    ██╗  ██╗ █████╗  ██████╗██╗  ██╗
╚══██╔══╝██║████╗  ██║╚██╗ ██╔╝    ██║  ██║██╔══██╗██╔════╝██║ ██╔╝
   ██║   ██║██╔██╗ ██║ ╚████╔╝     ███████║███████║██║     █████╔╝ 
   ██║   ██║██║╚██╗██║  ╚██╔╝      ██╔══██║██╔══██║██║     ██╔═██╗ 
   ██║   ██║██║ ╚████║   ██║       ██║  ██║██║  ██║╚██████╗██║  ██╗
   ╚═╝   ╚═╝╚═╝  ╚═══╝   ╚═╝       ╚═╝  ╚═╝╚═╝  ╚═╝ ╚═════╝╚═╝  ╚═╝

info  - Generating static pages (0/4)
info  - Generating static pages (1/4)

████████╗██╗███╗   ██╗██╗   ██╗    ██╗  ██╗ █████╗  ██████╗██╗  ██╗
╚══██╔══╝██║████╗  ██║╚██╗ ██╔╝    ██║  ██║██╔══██╗██╔════╝██║ ██╔╝
   ██║   ██║██╔██╗ ██║ ╚████╔╝     ███████║███████║██║     █████╔╝ 
   ██║   ██║██║╚██╗██║  ╚██╔╝      ██╔══██║██╔══██║██║     ██╔═██╗ 
   ██║   ██║██║ ╚████║   ██║       ██║  ██║██║  ██║╚██████╗██║  ██╗
   ╚═╝   ╚═╝╚═╝  ╚═══╝   ╚═╝       ╚═╝  ╚═╝╚═╝  ╚═╝ ╚═════╝╚═╝  ╚═╝

info  - Generating static pages (2/4)
info  - Generating static pages (3/4)
info  - Generating static pages (4/4)
info  - Finalizing page optimization...

Route (pages)                              Size     First Load JS
┌ ○ / (2493 ms)                            1.11 kB         370 kB
├   /_app                                  0 B             365 kB
├ ○ /404                                   183 B           365 kB
├ λ /api/script                            0 B             365 kB
└ ○ /problems (2558 ms)                    20.9 kB         390 kB
+ First Load JS shared by all              370 kB
  ├ chunks/framework-73b8966a3c579ab0.js   45.2 kB
  ├ chunks/main-e6b1cffc7321c103.js        27 kB
  ├ chunks/pages/_app-3623bf6e974b8fc5.js  290 kB
  ├ chunks/webpack-76fa6015b8449717.js     2.31 kB
  └ css/648a3c3d2b497fc7.css               4.48 kB

λ  (Server)  server-side renders at runtime (uses getInitialProps or getServerSideProps)
○  (Static)  automatically rendered as static HTML (uses no initial props)

Done in 30.94s.
